<?xml version="1.0" encoding="UTF-8"?>
<!-- Generated by org.testng.reporters.JUnitReportReporter -->
<testsuite skipped="0" hostname="LAPTOP-II30C7GD" name="jenkins.maven.testng.jenkinstestng.NewTest" tests="1" failures="0" timestamp="2020-05-11T17:20:03 IST" time="17.300" errors="0">
  <testcase name="fTest" time="17.300" classname="jenkins.maven.testng.jenkinstestng.NewTest"/>
  <system-out/>
</testsuite> <!-- jenkins.maven.testng.jenkinstestng.NewTest -->
